2024-06-26 00:57:19,898 - There are 1 bee(s) now chatting in tigs on #HiveTalk. Join them now: https://hivetalk.org/join/tigs
2024-06-27 05:57:17,012 - There are 2 bee(s) now chatting in chill%20choons on #HiveTalk. Join them now: https://hivetalk.org/join/chill%20choons
2024-06-27 05:57:17,109 - There are 2 bee(s) now chatting in tigs on #HiveTalk. Join them now: https://hivetalk.org/join/tigs
2024-06-27 00:17:35,148 - As of 2024-06-27 07:17:35 UTC UTC, there are 1 bee(s) now chatting in 16238WeakHorse on #HiveTalk. Join them now: https://hivetalk.org/join/16238WeakHorse
2024-06-27 07:22:44,292 - There are 1 bee(s) now chatting in 75907LuckyPhoto on #HiveTalk, as of 2024-06-27 07:22 UTC. Join them now: https://hivetalk.org/join/75907LuckyPhoto
2024-06-27 08:17:03,649 - There are 1 bee(s) now chatting in tigs on #HiveTalk, as of 2024-06-27 08:17 UTC. Join them now: https://hivetalk.org/join/tigs
2024-06-27 10:15:42,927 - There are 2 bee(s) now chatting in 9c1fd17e-2397-4a3d-b8b2-d065e2f8cbce on #HiveTalk, as of 2024-06-27 10:15 UTC. Join them now: https://hivetalk.org/join/9c1fd17e-2397-4a3d-b8b2-d065e2f8cbce
2024-06-27 10:15:43,356 - There are 1 bee(s) now chatting in AlbyFans on #HiveTalk, as of 2024-06-27 10:15 UTC. Join them now: https://hivetalk.org/join/AlbyFans
2024-06-27 15:15:03,972 - There are 1 bee(s) now chatting in BitcoinAndLIVE_ep913 on #HiveTalk, as of 2024-06-27 15:15 UTC. Join them now: https://hivetalk.org/join/BitcoinAndLIVE_ep913
2024-06-27 16:16:43,724 - There are 2 bee(s) now chatting in 99c52695-dca7-4062-aa1c-5488172bacfe on #HiveTalk, as of 2024-06-27 16:16 UTC. Join them now: https://hivetalk.org/join/99c52695-dca7-4062-aa1c-5488172bacfe
2024-06-27 16:40:09,140 - There are 1 bee(s) now chatting in Kevmu on #HiveTalk, as of 2024-06-27 16:40 UTC. Join them now: https://hivetalk.org/join/Kevmu
2024-06-27 17:38:55,285 - There are 1 bee(s) now chatting in 62065BadCake on #HiveTalk, as of 2024-06-27 17:38 UTC. Join them now: https://hivetalk.org/join/62065BadCake
2024-06-27 17:50:05,897 - There are 2 bee(s) now chatting in Kevmu on #HiveTalk, as of 2024-06-27 17:50 UTC. Join them now: https://hivetalk.org/join/Kevmu
2024-06-27 17:50:06,059 - There are 2 bee(s) now chatting in CannabisRecords on #HiveTalk, as of 2024-06-27 17:50 UTC. Join them now: https://hivetalk.org/join/CannabisRecords
2024-06-27 18:37:22,097 - There are 1 bee(s) now chatting in tigsvids on #HiveTalk, as of 2024-06-27 18:37 UTC. Join them now: https://hivetalk.org/join/tigsvids
2024-06-27 19:12:08,264 - There are 2 bee(s) now chatting in CannabisRecords on #HiveTalk, as of 2024-06-27 19:12 UTC. Join them now: https://hivetalk.org/join/CannabisRecords
2024-06-27 19:12:08,541 - There are 2 bee(s) now chatting in 56224DarkWrench on #HiveTalk, as of 2024-06-27 19:12 UTC. Join them now: https://hivetalk.org/join/56224DarkWrench
2024-06-27 19:22:23,443 - There are 1 bee(s) now chatting in PlebChainRadio on #HiveTalk, as of 2024-06-27 19:22 UTC. Join them now: https://hivetalk.org/join/PlebChainRadio
2024-06-27 19:49:44,553 - There are 1 bee(s) now chatting in tigsvids on #HiveTalk, as of 2024-06-27 19:49 UTC. Join them now: https://hivetalk.org/join/tigsvids
2024-06-27 21:12:27,799 - There are 2 bee(s) now chatting in tigsvids on #HiveTalk, as of 2024-06-27 21:12 UTC. Join them now: https://hivetalk.org/join/tigsvids
2024-06-27 21:24:21,251 - There are 1 bee(s) now chatting in 01549CoolBear on #HiveTalk, as of 2024-06-27 21:24 UTC. Join them now: https://hivetalk.org/join/01549CoolBear
2024-06-27 22:12:36,075 - There are 2 bee(s) now chatting in tigsvids on #HiveTalk, as of 2024-06-27 22:12 UTC. Join them now: https://hivetalk.org/join/tigsvids
2024-06-27 22:28:32,743 - There are 1 bee(s) now chatting in 01549CoolBear on #HiveTalk, as of 2024-06-27 22:28 UTC. Join them now: https://hivetalk.org/join/01549CoolBear
2024-06-27 22:38:22,269 - There are 1 bee(s) now chatting in 49363RichLizard on #HiveTalk, as of 2024-06-27 22:38 UTC. Join them now: https://hivetalk.org/join/49363RichLizard
2024-06-27 23:15:05,907 - There are 1 bee(s) now chatting in tigsvids on #HiveTalk, as of 2024-06-27 23:15 UTC. Join them now: https://hivetalk.org/join/tigsvids
2024-06-27 23:15:06,220 - There are 2 bee(s) now chatting in StreamOfConsciousness on #HiveTalk, as of 2024-06-27 23:15 UTC. Join them now: https://hivetalk.org/join/StreamOfConsciousness
2024-06-28 01:01:27,132 - There are 1 bee(s) now chatting in tigsvids on #HiveTalk, as of 2024-06-28 01:01 UTC. Join them now: https://hivetalk.org/join/tigsvids
2024-06-28 01:01:27,301 - There are 1 bee(s) now chatting in TRUMPvsBIDEN_ESPANOL on #HiveTalk, as of 2024-06-28 01:01 UTC. Join them now: https://hivetalk.org/join/TRUMPvsBIDEN_ESPANOL
2024-06-28 01:01:27,424 - There are 14 bee(s) now chatting in PresidentialDebate on #HiveTalk, as of 2024-06-28 01:01 UTC. Join them now: https://hivetalk.org/join/PresidentialDebate
2024-06-28 02:08:54,778 - There are 1 bee(s) now chatting in tigsvids on #HiveTalk, as of 2024-06-28 02:08 UTC. Join them now: https://hivetalk.org/join/tigsvids
2024-06-28 02:08:54,846 - There are 13 bee(s) now chatting in PresidentialDebate on #HiveTalk, as of 2024-06-28 02:08 UTC. Join them now: https://hivetalk.org/join/PresidentialDebate
2024-06-28 02:08:54,923 - There are 1 bee(s) now chatting in 70273SmartBeaver on #HiveTalk, as of 2024-06-28 02:08 UTC. Join them now: https://hivetalk.org/join/70273SmartBeaver
2024-06-28 02:41:49,713 - There are 1 bee(s) now chatting in c9b380dc-4c6a-431c-8b98-732810e82b92 on #HiveTalk, as of 2024-06-28 02:41 UTC. Join them now: https://hivetalk.org/join/c9b380dc-4c6a-431c-8b98-732810e82b92
2024-06-28 03:16:01,190 - There are 1 bee(s) now chatting in PresidentialDebate on #HiveTalk, as of 2024-06-28 03:16 UTC. Join them now: https://hivetalk.org/join/PresidentialDebate
2024-06-28 08:49:56,889 - There are 2 bee(s) now chatting in Alby on #HiveTalk, as of 2024-06-28 08:49 UTC. Join them now: https://hivetalk.org/join/Alby
